<?xml version="1.0" encoding="UTF-8"?>
<testsuite xmlns:xsi="http://www.w3.org/2001/XMLSchema-instance" xsi:noNamespaceSchemaLocation="https://maven.apache.org/surefire/maven-surefire-plugin/xsd/surefire-test-report.xsd" name="org.thejavengers.GestionSociosTest" time="0.081" tests="6" errors="0" skipped="0" failures="0">
  <properties>
[...]
</properties>
  <testcase name="agregarSocioEstandar" classname="org.thejavengers.GestionSociosTest" time="0.044"/>
  <testcase name="cuotaSocioFederado" classname="org.thejavengers.GestionSociosTest" time="0"/>
  <testcase name="testAgregarSocioEstandarYaExistente" classname="org.thejavengers.GestionSociosTest" time="0"/>
  <testcase name="agregarSocioFederado" classname="org.thejavengers.GestionSociosTest" time="0"/>
  <testcase name="agregarSocioInfantil" classname="org.thejavengers.GestionSociosTest" time="0"/>
  <testcase name="precioExcursionFederado" classname="org.thejavengers.GestionSociosTest" time="0.004"/>
</testsuite>